make.exe all --print-data-base --no-builtin-variables --no-builtin-rules --question
# GNU Make 4.3
# Built for Windows32
# Copyright (C) 1988-2020 Free Software Foundation, Inc.
# License GPLv3+: GNU GPL version 3 or later <http://gnu.org/licenses/gpl.html>
# This is free software: you are free to change and redistribute it.
# There is NO WARRANTY, to the extent permitted by law.
 

# Make data base, printed on Wed Mar 16 21:21:41 2022

# Variables

# environment
SYSTEMDRIVE = C:
# environment
LC_ALL = C
# environment
USERPROFILE = C:\Users\adamn
# makefile (from 'makefile', line 16)
OBJS_TST :=  build/Test.o
# environment
LOCALAPPDATA = C:\Users\adamn\AppData\Local
# environment
VSCODE_IPC_HOOK_EXTHOST = \\.\pipe\vscode-ipc-676aac1a-27e7-454d-a15d-d622b2fb5deb-sock
# makefile (from 'makefile', line 5)
GUI_DIR = src/gui
# environment
VSCODE_CWD = C:\Users\adamn\AppData\Local\Programs\Microsoft VS Code
# environment
CHOCOLATEYINSTALL = C:\ProgramData\chocolatey
# environment
SYSTEMROOT = C:\Windows
# environment
PROCESSOR_LEVEL = 25
# environment
PSMODULEPATH = C:\Program Files\WindowsPowerShell\Modules;C:\Windows\system32\WindowsPowerShell\v1.0\Modules
# default
MAKE_COMMAND := C:/ProgramData/chocolatey/lib/make/tools/install/bin/make.exe
# automatic
@D = $(patsubst %/,%,$(patsubst %\,%,$(dir $@)))
# environment
CHROME_CRASHPAD_PIPE_NAME = \\.\pipe\crashpad_14188_LDEPVKFNVBEGASXG
# environment
VSCODE_HANDLES_UNCAUGHT_ERRORS = true
# default
.VARIABLES := 
# automatic
%D = $(patsubst %/,%,$(patsubst %\,%,$(dir $%)))
# automatic
^D = $(patsubst %/,%,$(patsubst %\,%,$(dir $^)))
# environment
VSCODE_LOG_STACK = false
# automatic
%F = $(notdir $%)
# environment
VSCODE_CODE_CACHE_PATH = C:\Users\adamn\AppData\Roaming\Code\CachedData\c722ca6c7eed3d7987c0d5c3df5c45f6b15e77d1
# environment
LANG = C
# default
.LOADED := 
# environment
TMP = C:\Users\adamn\AppData\Local\Temp
# default
.INCLUDE_DIRS = .
# environment
PROCESSOR_ARCHITEW6432 = AMD64
# makefile
MAKEFLAGS = pqrR
# environment
ONEDRIVE = C:\Users\adamn\OneDrive
# makefile
CURDIR := c:/Users/adamn/Desktop/ChessEngine
# environment
VSCODE_PIPE_LOGGING = true
# environment
APPLICATION_INSIGHTS_NO_DIAGNOSTIC_CHANNEL = 1
# automatic
*D = $(patsubst %/,%,$(patsubst %\,%,$(dir $*)))
# environment
PROGRAMFILES = C:\Program Files (x86)
# environment
MFLAGS = -pqrR
# default
.SHELLFLAGS := -c
# environment
COMMONPROGRAMW6432 = C:\Program Files\Common Files
# automatic
+D = $(patsubst %/,%,$(patsubst %\,%,$(dir $+)))
# makefile (from 'makefile', line 1)
MAKEFILE_LIST := makefile
# automatic
@F = $(notdir $@)
# environment
VSCODE_VERBOSE_LOGGING = true
# makefile (from 'makefile', line 15)
OBJS_ENG :=  build/BitBoards.o  build/ChessBoard.o  build/Evaluation.o  build/Misc.o  build/MoveGenerator.o  build/MovePick.o  build/Search.o  build/Threads.o  build/TransposTable.o  build/Tune.o  build/Zobrist.o
# environment
VSCODE_PID = 14188
# automatic
?D = $(patsubst %/,%,$(patsubst %\,%,$(dir $?)))
# makefile (from 'makefile', line 12)
SRCS_TST := src/test/Test.cpp
# automatic
*F = $(notdir $*)
# makefile (from 'makefile', line 28)
LIBRARY_PATHS = -LC:\Users\adamn\SDL2\lib
# automatic
<D = $(patsubst %/,%,$(patsubst %\,%,$(dir $<)))
# environment
VTUNE_PROFILER_2022_DIR = C:\Program Files (x86)\Intel\oneAPI\vtune\2022.1.0
# environment
VSCODE_NLS_CONFIG = {"locale":"en-us","availableLanguages":{},"_languagePackSupport":true}
# environment
ONEAPI_ROOT = C:\Program Files (x86)\Intel\oneAPI\
# environment
ONEDRIVECONSUMER = C:\Users\adamn\OneDrive
# default
MAKE_HOST := Windows32
# environment
PROGRAMDATA = C:\ProgramData
# default
SHELL := sh.exe
# environment
HOMEPATH = \Users\adamn
# default
MAKECMDGOALS := all
# environment
DRIVERDATA = C:\Windows\System32\Drivers\DriverData
# environment
COMSPEC = C:\Windows\system32\cmd.exe
# environment
WINDIR = C:\Windows
# environment
MAKELEVEL := 0
# default
MAKE = $(MAKE_COMMAND)
# environment
PATH = C:\Program Files (x86)\Razer Chroma SDK\bin;C:\Program Files\Razer Chroma SDK\bin;C:\Program Files (x86)\Razer\ChromaBroadcast\bin;C:\Program Files\Razer\ChromaBroadcast\bin;C:\Program Files (x86)\Common Files\Oracle\Java\javapath;C:\Program Files (x86)\NetSarang\Xlpd 6\;C:\Program Files (x86)\NetSarang\Xshell 6\;C:\Program Files (x86)\NetSarang\Xmanager 6\;C:\Windows\system32;C:\Windows;C:\Windows\System32\Wbem;C:\Windows\System32\WindowsPowerShell\v1.0\;C:\Windows\System32\OpenSSH\;C:\Program Files (x86)\NVIDIA Corporation\PhysX\Common;C:\Program Files\NVIDIA Corporation\NVIDIA NvDLISR;C:\Program Files\Git\cmd;C:\Program Files (x86)\NetSarang\Xmanager 7\;C:\Program Files (x86)\NetSarang\Xshell 7\;C:\Program Files (x86)\NetSarang\Xftp 7\;C:\Program Files (x86)\NetSarang\Xlpd 7\;C:\msys64\mingw64\bin;C:\Program Files\dotnet\;C:\Windows\system32\config\systemprofile\AppData\Local\Microsoft\WindowsApps;C:\Users\adamn\AppData\Local\Microsoft\WindowsApps;C:\Users\adamn\AppData\Local\Programs\Microsoft VS Code\bin;C:\Users\adamn\.dotnet\tools;C:\ProgramData\chocolatey\bin;C:\Program Files\AMD\AMDuProf\bin;C:\Users\adamn\AppData\Local\Microsoft\WindowsApps;C:\Users\adamn\AppData\Local\Programs\Microsoft VS Code\bin;C:\Users\adamn\.dotnet\tools
# environment
COMPUTERNAME = LAPTOP-7FSGAFD8
# default
MAKEFILES := 
# automatic
^F = $(notdir $^)
# environment
PROMPT = $P$G
# environment
CHOCOLATEYLASTPATHUPDATE = 132845055620503667
# environment
LOGONSERVER = \\LAPTOP-7FSGAFD8
# environment
VSCODE_LOG_NATIVE = false
# environment
USERNAME = adamn
# environment
COMMONPROGRAMFILES = C:\Program Files (x86)\Common Files
# automatic
?F = $(notdir $?)
# environment
PROGRAMW6432 = C:\Program Files
# makefile (from 'makefile', line 17)
OBJS_GUI :=  build/ChessGUI.o  build/GameState.o  build/main.o
# environment
PATHEXT = .COM;.EXE;.BAT;.CMD;.VBS;.VBE;.JS;.JSE;.WSF;.WSH;.MSC
# automatic
+F = $(notdir $+)
# environment
ORIGINAL_XDG_CURRENT_DESKTOP = undefined
# environment
USERDOMAIN = LAPTOP-7FSGAFD8
# 'override' directive
GNUMAKEFLAGS := 
# environment
OS = Windows_NT
# makefile (from 'makefile', line 7)
EXE = $(BUILD_DIR)/ChessGUI
# makefile
.DEFAULT_GOAL := all
# makefile (from 'makefile', line 24)
INCLUDE_ENGINE = -Isrc/engine
# default
MAKE_VERSION := 4.3
# environment
PROGRAMFILES(X86) = C:\Program Files (x86)
# environment
USERDOMAIN_ROAMINGPROFILE = LAPTOP-7FSGAFD8
# environment
NUMBER_OF_PROCESSORS = 16
# environment
PUBLIC = C:\Users\Public
# makefile (from 'makefile', line 3)
ENG_DIR = src/engine
# makefile (from 'makefile', line 22)
CXX_FLAGS = -c -g -Ofast -Wall -Wextra -pedantic
# makefile (from 'makefile', line 26)
INCLUDE_SDL = -IC:\msys64\mingw64\include\SDL2
# environment
APPDATA = C:\Users\adamn\AppData\Roaming
# environment
HOMEDRIVE = C:
# environment
AMDPROFILERPATH = C:\Program Files\AMD\AMDuProf\bin
# environment
PROCESSOR_ARCHITECTURE = x86
# environment
VSCODE_AMD_ENTRYPOINT = vs/workbench/api/node/extensionHostProcess
# makefile (from 'makefile', line 2)
BUILD_DIR = build
# environment
COMMONPROGRAMFILES(X86) = C:\Program Files (x86)\Common Files
# environment
VS2019INSTALLDIR = C:\Program Files (x86)\Microsoft Visual Studio\2019\Community
# makefile (from 'makefile', line 11)
SRCS_ENG := src/engine/BitBoards.cpp src/engine/ChessBoard.cpp src/engine/Evaluation.cpp src/engine/Misc.cpp src/engine/MoveGenerator.cpp src/engine/MovePick.cpp src/engine/Search.cpp src/engine/Threads.cpp src/engine/TransposTable.cpp src/engine/Tune.cpp src/engine/Zobrist.cpp
# makefile (from 'makefile', line 8)
EXET = $(BUILD_DIR)/ChessTest
# environment
ELECTRON_RUN_AS_NODE = 1
# environment
TEMP = C:\Users\adamn\AppData\Local\Temp
# environment
VSCODE_IPC_HOOK = \\.\pipe\d4a9e6f9a87c3367f01bb615cd195f42-1.65.2-main-sock
# makefile (from 'makefile', line 4)
TST_DIR = src/test
# default
.RECIPEPREFIX := 
# automatic
<F = $(notdir $<)
# default
SUFFIXES := 
# environment
ALLUSERSPROFILE = C:\ProgramData
# environment
SESSIONNAME = Console
# default
.FEATURES := target-specific order-only second-expansion else-if shortest-stem undefine oneshell nocomment grouped-target extra-prereqs archives jobserver output-sync load
# environment
PROCESSOR_REVISION = 5000
# makefile (from 'makefile', line 20)
CXX = g++
# makefile (from 'makefile', line 31)
LINKER_FLAGS = -lmingw32 -lSDL2main -lSDL2 -lSDL2_image
# makefile (from 'makefile', line 13)
SRCS_GUI := src/gui/ChessGUI.cpp src/gui/GameState.cpp src/gui/main.cpp
# environment
PROCESSOR_IDENTIFIER = AMD64 Family 25 Model 80 Stepping 0, AuthenticAMD
# variable set hash-table stats:
# Load=117/1024=11%, Rehash=0, Collisions=17/184=9%

# Pattern-specific Variable Values

# No pattern-specific variable values.

# Directories

# src/gui (key c:/Users/adamn/Desktop/ChessEngine/src/gui, mtime 1647395907): 7 files, no impossibilities.
# . (key c:/Users/adamn/Desktop/ChessEngine, mtime 1647397120): 8 files, no impossibilities.
# src/engine (key c:/Users/adamn/Desktop/ChessEngine/src/engine, mtime 1647382648): 25 files, no impossibilities.
# src/test (key c:/Users/adamn/Desktop/ChessEngine/src/test, mtime 1647382685): 4 files, no impossibilities.

# 44 files, no impossibilities in 4 directories.

# Implicit Rules

build/%.o: src/engine/%.cpp
#  recipe to execute (from 'makefile', line 45):
	$(CXX) $(CXX_FLAGS) $(ENG_DIR)/$*.cpp -o $@

build/%.o: src/gui/%.cpp
#  recipe to execute (from 'makefile', line 49):
	$(CXX) $(INCLUDE_SDL) $(INCLUDE_ENGINE) $(CXX_FLAGS) $(GUI_DIR)/$*.cpp -o $@

build/%.o: src/test/%.cpp
#  recipe to execute (from 'makefile', line 53):
	$(CXX) $(INCLUDE_ENGINE) $(CXX_FLAGS) $(TST_DIR)/$*.cpp -o $@

# 3 implicit rules, 0 (0.0%) terminal.
# Files

# Not a target:
src/engine/Search.cpp:
#  Implicit rule search has been done.
#  Last modified 2022-03-16 11:27:32
#  File has been updated.
#  Successfully updated.

build/ChessTest: build/BitBoards.o build/ChessBoard.o build/Evaluation.o build/Misc.o build/MoveGenerator.o build/MovePick.o build/Search.o build/Threads.o build/TransposTable.o build/Tune.o build/Zobrist.o build/Test.o
#  Implicit rule search has not been done.
#  Modification time never checked.
#  File has not been updated.
#  recipe to execute (from 'makefile', line 41):
	$(CXX) $(OBJS_ENG) $(OBJS_TST) -o $(EXET)

build/MovePick.o: src/engine/MovePick.cpp
#  Implicit rule search has been done.
#  Implicit/static pattern stem: 'MovePick'
#  Last modified 2022-03-16 21:19:49
#  File has been updated.
#  Successfully updated.
#  recipe to execute (from 'makefile', line 45):
	$(CXX) $(CXX_FLAGS) $(ENG_DIR)/$*.cpp -o $@

build/ChessGUI.o: src/gui/ChessGUI.cpp
#  Implicit rule search has been done.
#  Implicit/static 
 pattern stem: 'ChessGUI'
#  Last modified 2022-03-16 21:19:53
#  File has been updated.
#  Successfully updated.
#  recipe to execute (from 'makefile', line 49):
	$(CXX) $(INCLUDE_SDL) $(INCLUDE_ENGINE) $(CXX_FLAGS) $(GUI_DIR)/$*.cpp -o $@

build/Tune.o: src/engine/Tune.cpp
#  Implicit rule search has been done.
#  Implicit/static pattern stem: 'Tune'
#  Last modified 2022-03-16 21:19:51
#  File has been updated.
#  Successfully updated.
#  recipe to execute (from 'makefile', line 45):
	$(CXX) $(CXX_FLAGS) $(ENG_DIR)/$*.cpp -o $@

build/Zobrist.o: src/engine/Zobrist.cpp
#  Implicit rule search has been done.
#  Implicit/static pattern stem: 'Zobrist'
#  Last modified 2022-03-16 21:19:52
#  File has been updated.
#  Successfully updated.
#  recipe to execute (from 'makefile', line 45):
	$(CXX) $(CXX_FLAGS) $(ENG_DIR)/$*.cpp -o $@

# Not a target:
src/gui/ChessGUI.cpp:
#  Implicit rule search has been done.
#  Last modified 2022-01-24 21:12:25
#  File has been updated.
#  Successfully updated.

build/Threads.o: src/engine/Threads.cpp
#  Implicit rule search has been done.
#  Implicit/static pattern stem: 'Threads'
#  Last modified 2022-03-16 21:19:50
#  File has been updated.
#  Successfully updated.
#  recipe to execute (from 'makefile', line 45):
	$(CXX) $(CXX_FLAGS) $(ENG_DIR)/$*.cpp -o $@

clean:
#  Implicit rule search has not been done.
#  Modification time never checked.
#  File has not been updated.
#  recipe to execute (from 'makefile', line 56):
	del $(BUILD_DIR)\*.o
	del $(BUILD_DIR)\*.exe

build/BitBoards.o: src/engine/BitBoards.cpp
#  Implicit rule search has been done.
#  Implicit/static pattern stem: 'BitBoards'
#  Last modified 2022-03-16 21:19:45
#  File has been updated.
#  Successfully updated.
#  recipe to execute (from 'makefile', line 45):
	$(CXX) $(CXX_FLAGS) $(ENG_DIR)/$*.cpp -o $@

build/ChessBoard.o: src/engine/ChessBoard.cpp
#  Implicit rule search has been done.
#  Implicit/static pattern stem: 'ChessBoard'
#  Last modified 2022-03-16 21:19:46
#  File has been updated.
#  Successfully updated.
#  recipe to execute (from 'makefile', line 45):
	$(CXX) $(CXX_FLAGS) $(ENG_DIR)/$*.cpp -o $@

# Not a target:
src/gui/main.cpp:
#  Implicit rule search has been done.
#  Last modified 2022-03-15 15:20:42
#  File has been updated.
#  Successfully updated.

build/TransposTable.o: src/engine/TransposTable.cpp
#  Implicit rule search has been done.
#  Implicit/static pattern stem: 'TransposTable'
#  Last modified 2022-03-16 21:19:51
#  File has been updated.
#  Successfully updated.
#  recipe to execute (from 'makefile', line 45):
	$(CXX) $(CXX_FLAGS) $(ENG_DIR)/$*.cpp -o $@

build/Search.o: src/engine/Search.cpp
#  Implicit rule search has been done.
#  Implicit/static pattern stem: 'Search'
#  Last modified 2022-03-16 21:19:50
#  File has been updated.
#  Successfully updated.
#  recipe to execute (from 'makefile', line 45):
	$(CXX) $(CXX_FLAGS) $(ENG_DIR)/$*.cpp -o $@

# Not a target:
src/engine/BitBoards.cpp:
#  Implicit rule search has been done.
#  Last modified 2022-03-15 16:02:32
#  File has been updated.
#  Successfully updated.

build/Misc.o: src/engine/Misc.cpp
#  Implicit rule search has been done.
#  Implicit/static pattern stem: 'Misc'
#  Last modified 2022-03-16 21:19:47
#  File has been updated.
#  Successfully updated.
#  recipe to execute (from 'makefile', line 45):
	$(CXX) $(CXX_FLAGS) $(ENG_DIR)/$*.cpp -o $@

# Not a target:
src/engine/Zobrist.cpp:
#  Implicit rule search has been done.
#  Last modified 2022-02-01 18:09:28
#  File has been updated.
#  Successfully updated.

# Not a target:
.DEFAULT:
#  Implicit rule search has not been done.
#  Modification time never checked.
#  File has not been updated.

all: build/ChessGUI build/ChessTest
#  Command line target.
#  Implicit rule search has been done.
#  File does not exist.
#  File has been updated.
#  Needs to be updated (-q is set).
# variable set hash-table stats:
# Load=0/32=0%, Rehash=0, Collisions=0/10=0%

build/GameState.o: src/gui/GameState.cpp
#  Implicit rule search has been done.
#  Implicit/static pattern stem: 'GameState'
#  Last modified 2022-03-16 21:19:54
#  File has been updated.
#  Successfully updated.
#  recipe to execute (from 'makefile', line 49):
	$(CXX) $(INCLUDE_SDL) $(INCLUDE_ENGINE) $(CXX_FLAGS) $(GUI_DIR)/$*.cpp -o $@

# Not a target:
src/engine/MoveGenerator.cpp:
#  Implicit rule search has been done.
#  Last modified 2022-03-15 15:14:08
#  File has been updated.
#  Successfully updated.

# Not a target:
src/engine/Threads.cpp:
#  Implicit rule search has been done.
#  Last modified 2022-03-11 21:56:37
#  File has been updated.
#  Successfully updated.

build/MoveGenerator.o: src/engine/MoveGenerator.cpp
#  Implicit rule search has been done.
#  Implicit/static pattern stem: 'MoveGenerator'
#  Last modified 2022-03-16 21:19:48
#  File has been updated.
#  Successfully updated.
#  recipe to execute (from 'makefile', line 45):
	$(CXX) $(CXX_FLAGS) $(ENG_DIR)/$*.cpp -o $@

# Not a target:
src/engine/TransposTable.cpp:
#  Implicit rule search has been done.
#  Last modified 2022-03-01 21:23:03
#  File has been updated.
#  Successfully updated.

# Not a target:
src/engine/Misc.cpp:
#  Implicit rule search has been done.
#  Last modified 2022-03-15 15:12:20
#  File has been updated.
#  Successfully updated.

# Not a target:
makefile:
#  Implicit rule search has been done.
#  Last modified 2022-03-16 21:21:24
#  File has been updated.
#  Successfully updated.

# Not a target:
build/Test.o:
#  Implicit rule search has not been done.
#  Modification time never checked.
#  File has not been updated.

# Not a target:
src/engine/Evaluation.cpp:
#  Implicit rule search has been done.
#  Last modified 2022-03-16 21:14:11
#  File has been updated.
#  Successfully updated.

# Not a target:
.SUFFIXES:
#  Implicit rule search has not been done.
#  Modification time never checked.
#  File has not been updated.

build/main.o: src/gui/main.cpp
#  Implicit rule search has been done.
#  Implicit/static pattern stem: 'main'
#  Last modified 2022-03-16 21:19:55
#  File has been updated.
#  Successfully updated.
#  recipe to execute (from 'makefile', line 49):
	$(CXX) $(INCLUDE_SDL) $(INCLUDE_ENGINE) $(CXX_FLAGS) $(GUI_DIR)/$*.cpp -o $@

# Not a target:
src/engine/MovePick.cpp:
#  Implicit rule search has been done.
#  Last modified 2022-03-11 21:56:16
#  File has been updated.
#  Successfully updated.

build/ChessGUI: build/BitBoards.o build/ChessBoard.o build/Evaluation.o build/Misc.o build/MoveGenerator.o build/MovePick.o build/Search.o build/Threads.o build/TransposTable.o build/Tune.o build/Zobrist.o build/ChessGUI.o build/GameState.o build/main.o
#  Implicit rule search has not been done.
#  Implicit/static pattern stem: ''
#  File does not exist.
#  File has been updated.
#  Needs to be updated (-q is set).
# automatic
# @ := build/ChessGUI
# automatic
# * := 
# automatic
# < := build/BitBoards.o
# automatic
# + := build/BitBoards.o build/ChessBoard.o build/Evaluation.o build/Misc.o build/MoveGenerator.o build/MovePick.o build/Search.o build/Threads.o build/TransposTable.o build/Tune.o build/Zobrist.o build/ChessGUI.o build/GameState.o  
build/main.o
# automatic
# % := 
# automatic
# ^ := build/BitBoards.o build/ChessBoard.o build/Evaluation.o build/Misc.o build/MoveGenerator.o build/MovePick.o build/Search.o build/Threads.o build/TransposTable.o build/Tune.o build/Zobrist.o build/ChessGUI.o build/GameState.o build/main.o
# automatic
# ? := build/BitBoards.o build/ChessBoard.o build/Evaluation.o build/Misc.o build/MoveGenerator.o build/MovePick.o build/Search.o build/Threads.o build/TransposTable.o build/Tune.o build/Zobrist.o build/ChessGUI.o build/GameState.o build/main.o
# automatic
# | := 
# variable set hash-table stats:
# Load=8/32=25%, Rehash=0, Collisions=5/18=28%
#  recipe to execute (from 'makefile', line 37):
	$(CXX) $(OBJS_ENG) $(OBJS_GUI) $(LIBRARY_PATHS) $(LINKER_FLAGS) -o $(EXE)

build/Evaluation.o: src/engine/Evaluation.cpp
#  Implicit rule search has been done.
#  Implicit/static pattern stem: 'Evaluation'
#  Last modified 2022-03-16 21:19:47
#  File has been updated.
#  Successfully updated.
#  recipe to execute (from 'makefile', line 45):
	$(CXX) $(CXX_FLAGS) $(ENG_DIR)/$*.cpp -o $@

# Not a target:
src/engine/ChessBoard.cpp:
#  Implicit rule search has been done.
#  Last modified 2022-03-15 20:02:20
#  File has been updated.
#  Successfully updated.

# Not a target:
src/engine/Tune.cpp:
#  Implicit rule search has been done.
#  Last modified 2022-03-16 21:18:30
#  File has been updated.
#  Successfully updated.

# Not a target:
src/gui/GameState.cpp:
#  Implicit rule search has been done.
#  Last modified 2022-03-11 21:55:46
#  File has been updated.
#  Successfully updated.

# files hash-table stats:
# Load=36/1024=4%, Rehash=0, Collisions=0/123=0%
# VPATH Search Paths

# No 'vpath' search paths.

# No general ('VPATH' variable) search path.

# strcache buffers: 1 (0) / strings = 97 / storage = 1321 B / avg = 13 B
# current buf: size = 8174 B / used = 1321 B / count = 97 / avg = 13 B

# strcache performance: lookups = 142 / hit rate = 31%
# hash-table stats:
# Load=97/8192=1%, Rehash=0, Collisions=0/142=0%
# Finished Make data base on Wed Mar 16 21:21:41 2022

 
